<?xml version="1.0" encoding="UTF-8"?>
<testsuite name="com.erfei.gererparcitapp.GreeterControllerTest" tests="1" skipped="0" failures="0" errors="0" timestamp="2024-04-02T19:33:25" hostname="LOCK" time="0.055">
  <properties/>
  <testcase name="testHelloEndpoint()" classname="com.erfei.gererparcitapp.GreeterControllerTest" time="0.055"/>
  <system-out><![CDATA[2024-04-02T16:33:25.275-03:00  INFO 9888 --- [gerer-parc-it-app] [    Test worker] t.c.s.AnnotationConfigContextLoaderUtils : Could not detect default configuration classes for test class [com.erfei.gererparcitapp.GreeterControllerTest]: GreeterControllerTest does not declare any static, non-private, non-final, nested classes annotated with @Configuration.
2024-04-02T16:33:25.280-03:00  INFO 9888 --- [gerer-parc-it-app] [    Test worker] .b.t.c.SpringBootTestContextBootstrapper : Found @SpringBootConfiguration com.erfei.gererparcitapp.GererParcItAppApplication for test class com.erfei.gererparcitapp.GreeterControllerTest

  .   ____          _            __ _ _
 /\\ / ___'_ __ _ _(_)_ __  __ _ \ \ \ \
( ( )\___ | '_ | '_| | '_ \/ _` | \ \ \ \
 \\/  ___)| |_)| | | | | || (_| |  ) ) ) )
  '  |____| .__|_| |_|_| |_\__, | / / / /
 =========|_|==============|___/=/_/_/_/
 :: Spring Boot ::                (v3.2.4)

2024-04-02T16:33:25.301-03:00  INFO 9888 --- [gerer-parc-it-app] [    Test worker] c.e.g.GreeterControllerTest              : Starting GreeterControllerTest using Java 17.0.10 with PID 9888 (started by Karl in D:\application infra\gerer-parc-it-app\gerer-parc-it-app)
2024-04-02T16:33:25.301-03:00  INFO 9888 --- [gerer-parc-it-app] [    Test worker] c.e.g.GreeterControllerTest              : No active profile set, falling back to 1 default profile: "default"
2024-04-02T16:33:25.462-03:00  INFO 9888 --- [gerer-parc-it-app] [    Test worker] o.s.b.t.m.w.SpringBootMockServletContext : Initializing Spring TestDispatcherServlet ''
2024-04-02T16:33:25.462-03:00  INFO 9888 --- [gerer-parc-it-app] [    Test worker] o.s.t.web.servlet.TestDispatcherServlet  : Initializing Servlet ''
2024-04-02T16:33:25.464-03:00  INFO 9888 --- [gerer-parc-it-app] [    Test worker] o.s.t.web.servlet.TestDispatcherServlet  : Completed initialization in 0 ms
2024-04-02T16:33:25.468-03:00  INFO 9888 --- [gerer-parc-it-app] [    Test worker] c.e.g.GreeterControllerTest              : Started GreeterControllerTest in 0.184 seconds (process running for 2.959)
]]></system-out>
  <system-err><![CDATA[]]></system-err>
</testsuite>
