<?xml version="1.0" encoding="UTF-8"?>
<testsuite name="com.erfei.gererparcitapp.GreeterControllerTest" tests="1" skipped="0" failures="0" errors="0" timestamp="2024-04-02T23:06:49" hostname="LOCK" time="2.952">
  <properties/>
  <testcase name="testHelloEndpoint()" classname="com.erfei.gererparcitapp.GreeterControllerTest" time="2.952"/>
  <system-out><![CDATA[20:06:44.220 [Test worker] INFO org.springframework.test.context.support.AnnotationConfigContextLoaderUtils -- Could not detect default configuration classes for test class [com.erfei.gererparcitapp.GreeterControllerTest]: GreeterControllerTest does not declare any static, non-private, non-final, nested classes annotated with @Configuration.
20:06:44.617 [Test worker] INFO org.springframework.boot.test.context.SpringBootTestContextBootstrapper -- Found @SpringBootConfiguration com.erfei.gererparcitapp.GererParcItAppApplication for test class com.erfei.gererparcitapp.GreeterControllerTest

  .   ____          _            __ _ _
 /\\ / ___'_ __ _ _(_)_ __  __ _ \ \ \ \
( ( )\___ | '_ | '_| | '_ \/ _` | \ \ \ \
 \\/  ___)| |_)| | | | | || (_| |  ) ) ) )
  '  |____| .__|_| |_|_| |_\__, | / / / /
 =========|_|==============|___/=/_/_/_/
 :: Spring Boot ::                (v3.2.4)

2024-04-02T20:06:45.723-03:00  INFO 540 --- [gerer-parc-it-app] [    Test worker] c.e.g.GreeterControllerTest              : Starting GreeterControllerTest using Java 17.0.10 with PID 540 (started by Karl in D:\application infra\gerer-parc-it-app\gerer-parc-it-app)
2024-04-02T20:06:45.726-03:00  INFO 540 --- [gerer-parc-it-app] [    Test worker] c.e.g.GreeterControllerTest              : No active profile set, falling back to 1 default profile: "default"
2024-04-02T20:06:49.271-03:00  INFO 540 --- [gerer-parc-it-app] [    Test worker] o.s.b.t.m.w.SpringBootMockServletContext : Initializing Spring TestDispatcherServlet ''
2024-04-02T20:06:49.272-03:00  INFO 540 --- [gerer-parc-it-app] [    Test worker] o.s.t.web.servlet.TestDispatcherServlet  : Initializing Servlet ''
2024-04-02T20:06:49.277-03:00  INFO 540 --- [gerer-parc-it-app] [    Test worker] o.s.t.web.servlet.TestDispatcherServlet  : Completed initialization in 1 ms
2024-04-02T20:06:49.338-03:00  INFO 540 --- [gerer-parc-it-app] [    Test worker] c.e.g.GreeterControllerTest              : Started GreeterControllerTest in 4.22 seconds (process running for 7.477)
]]></system-out>
  <system-err><![CDATA[]]></system-err>
</testsuite>
